C:\projects\GIT\OpenHoldemWithCSharp\Debug\DotNetBotLogic.dll
C:\projects\GIT\OpenHoldemWithCSharp\Debug\DotNetBotLogic.pdb
C:\PROJECTS\GIT\OPENHOLDEMWITHCSHARP\DEBUG\USER.DLL
C:\projects\GIT\OpenHoldemWithCSharp\Debug\user.exp
C:\PROJECTS\GIT\OPENHOLDEMWITHCSHARP\DEBUG\USER.ILK
C:\projects\GIT\OpenHoldemWithCSharp\Debug\user.lib
C:\PROJECTS\GIT\OPENHOLDEMWITHCSHARP\DEBUG\USER.PDB
C:\PROJECTS\GIT\OPENHOLDEMWITHCSHARP\DOTNETHOLDEM\DEBUG\.NETFRAMEWORK,VERSION=V4.0.ASSEMBLYATTRIBUTES.OBJ
C:\projects\GIT\OpenHoldemWithCSharp\dotnetholdem\Debug\cl.command.1.tlog
C:\projects\GIT\OpenHoldemWithCSharp\dotnetholdem\Debug\CL.read.1.tlog
C:\projects\GIT\OpenHoldemWithCSharp\dotnetholdem\Debug\CL.write.1.tlog
C:\projects\GIT\OpenHoldemWithCSharp\dotnetholdem\Debug\DOTNETBOTLOGIC.DLL.metagen
C:\PROJECTS\GIT\OPENHOLDEMWITHCSHARP\DOTNETHOLDEM\DEBUG\DOTNETHOLDEM.OBJ
C:\projects\GIT\OpenHoldemWithCSharp\dotnetholdem\Debug\dotnetholdem.vcxprojResolveAssemblyReference.cache
C:\projects\GIT\OpenHoldemWithCSharp\dotnetholdem\Debug\link.2056.read.1.tlog
C:\projects\GIT\OpenHoldemWithCSharp\dotnetholdem\Debug\link.2056.write.1.tlog
C:\projects\GIT\OpenHoldemWithCSharp\dotnetholdem\Debug\link.command.1.tlog
C:\projects\GIT\OpenHoldemWithCSharp\dotnetholdem\Debug\link.read.1.tlog
C:\projects\GIT\OpenHoldemWithCSharp\dotnetholdem\Debug\link.write.1.tlog
C:\projects\GIT\OpenHoldemWithCSharp\dotnetholdem\Debug\metagen.read.1.tlog
C:\PROJECTS\GIT\OPENHOLDEMWITHCSHARP\DOTNETHOLDEM\DEBUG\METAGEN.WRITE.1.TLOG
C:\projects\GIT\OpenHoldemWithCSharp\dotnetholdem\Debug\mt.command.1.tlog
C:\projects\GIT\OpenHoldemWithCSharp\dotnetholdem\Debug\mt.read.1.tlog
C:\projects\GIT\OpenHoldemWithCSharp\dotnetholdem\Debug\mt.write.1.tlog
C:\projects\GIT\OpenHoldemWithCSharp\dotnetholdem\Debug\RSAENH.DLL.bi
C:\projects\GIT\OpenHoldemWithCSharp\dotnetholdem\Debug\TZRES.DLL.bi
C:\PROJECTS\GIT\OPENHOLDEMWITHCSHARP\DOTNETHOLDEM\DEBUG\USER.DLL.INTERMEDIATE.MANIFEST
C:\projects\GIT\OpenHoldemWithCSharp\dotnetholdem\Debug\user.write.1.tlog
